<?xml version="1.0" encoding="UTF-8"?>
<!-- Generated by org.testng.reporters.JUnitReportReporter -->
<testsuite skipped="0" hostname="krish" name="Testngattributes.real" tests="7" failures="0" timestamp="2023-01-19T08:23:53 IST" time="12.283" errors="0">
  <testcase name="visiting" time="3.417" classname="Testngattributes.real"/>
  <system-out/>
  <testcase name="max" time="0.147" classname="Testngattributes.real"/>
  <system-out/>
  <testcase name="refreshing" time="0.605" classname="Testngattributes.real"/>
  <system-out/>
  <testcase name="refreshing" time="0.667" classname="Testngattributes.real"/>
  <system-out/>
  <testcase name="refreshing" time="0.018" classname="Testngattributes.real"/>
  <system-out/>
  <testcase name="clicking" time="3.666" classname="Testngattributes.real"/>
  <system-out/>
  <testcase name="closing" time="3.763" classname="Testngattributes.real"/>
  <system-out/>
</testsuite> <!-- Testngattributes.real -->
