<?xml version="1.0" encoding="UTF-8"?>
<!-- Generated by org.testng.reporters.JUnitReportReporter -->
<testsuite skipped="0" hostname="krish" name="testngwaits.expl" tests="1" failures="0" timestamp="2023-01-23T08:38:50 IST" time="4.043" errors="0">
  <testcase name="imp" time="4.043" classname="testngwaits.expl"/>
  <system-out/>
</testsuite> <!-- testngwaits.expl -->
