<?xml version="1.0" encoding="UTF-8"?>
<!-- Generated by org.testng.reporters.JUnitReportReporter -->
<testsuite skipped="0" hostname="krish" name="testngannotations.a1" tests="2" failures="0" timestamp="2023-01-19T08:44:30 IST" time="2.188" errors="0">
  <testcase name="tc1" time="0.549" classname="testngannotations.a1"/>
  <system-out/>
  <testcase name="tc2" time="1.639" classname="testngannotations.a1"/>
  <system-out/>
</testsuite> <!-- testngannotations.a1 -->
