<?xml version="1.0" encoding="UTF-8"?>
<!-- Generated by org.testng.reporters.JUnitReportReporter -->
<testsuite skipped="1" hostname="krish" name="Testngattributes.to" tests="3" failures="0" timestamp="2023-01-18T08:29:56 IST" time="0.007" errors="0">
  <testcase name="ab" time="0.006" classname="Testngattributes.to"/>
  <system-out/>
  <testcase name="t2" time="0.001" classname="Testngattributes.to"/>
  <system-out/>
  <testcase name="t1" classname="Testngattributes.to">
    <skipped/>
  </testcase> <!-- t1 -->
  <system-out/>
</testsuite> <!-- Testngattributes.to -->
